0 info it worked if it ends with ok
1 verbose cli [ 'c:\\Program Files\\nodejs\\node.exe',
1 verbose cli   'c:\\Program Files\\nodejs\\node_modules\\npm\\bin\\npm-cli.js',
1 verbose cli   'publish',
1 verbose cli   '--registry=http://maven.adeo.no/nexus/content/repositories/npm-internal/' ]
2 info using npm@3.8.6
3 info using node@v5.11.0
4 verbose publish [ '.' ]
5 silly cache add args [ '.', null ]
6 verbose cache add spec .
7 silly cache add parsed spec Result {
7 silly cache add   raw: '.',
7 silly cache add   scope: null,
7 silly cache add   name: null,
7 silly cache add   rawSpec: '.',
7 silly cache add   spec: 'c:\\git\\digisyfo-npm',
7 silly cache add   type: 'directory' }
8 verbose addLocalDirectory C:\Users\F145079\AppData\Roaming\npm-cache\digisyfo-npm\1.0.0\package.tgz not in flight; packing
9 verbose correctMkdir C:\Users\F145079\AppData\Roaming\npm-cache correctMkdir not in flight; initializing
10 info lifecycle digisyfo-npm@1.0.0~prepublish: digisyfo-npm@1.0.0
11 silly lifecycle digisyfo-npm@1.0.0~prepublish: no script for prepublish, continuing
12 verbose tar pack [ 'C:\\Users\\F145079\\AppData\\Roaming\\npm-cache\\digisyfo-npm\\1.0.0\\package.tgz',
12 verbose tar pack   'c:\\git\\digisyfo-npm' ]
13 verbose tarball C:\Users\F145079\AppData\Roaming\npm-cache\digisyfo-npm\1.0.0\package.tgz
14 verbose folder c:\git\digisyfo-npm
15 verbose addLocalTarball adding from inside cache C:\Users\F145079\AppData\Roaming\npm-cache\digisyfo-npm\1.0.0\package.tgz
16 verbose correctMkdir C:\Users\F145079\AppData\Roaming\npm-cache correctMkdir not in flight; initializing
17 silly cache afterAdd digisyfo-npm@1.0.0
18 verbose afterAdd C:\Users\F145079\AppData\Roaming\npm-cache\digisyfo-npm\1.0.0\package\package.json not in flight; writing
19 verbose correctMkdir C:\Users\F145079\AppData\Roaming\npm-cache correctMkdir not in flight; initializing
20 verbose afterAdd C:\Users\F145079\AppData\Roaming\npm-cache\digisyfo-npm\1.0.0\package\package.json written
21 silly publish { name: 'digisyfo-npm',
21 silly publish   version: '1.0.0',
21 silly publish   description: 'Felleskomponenter for DigiSyfo - Digitalisering av sykefraværsoppfølgingen',
21 silly publish   main: 'index.js',
21 silly publish   scripts: { test: 'mocha --compilers js:babel-core/register --require ./tests/test_helper.js "tests/**/*.@(js|jsx)"' },
21 silly publish   repository:
21 silly publish    { type: 'git',
21 silly publish      url: 'ssh://git@stash.devillo.no:7999/syfo/digisyfo-npm.git' },
21 silly publish   author: { name: 'digisyfo@nav.no' },
21 silly publish   publishConfig: { registry: 'http://maven.adeo.no/nexus/content/repositories/npm-internal/' },
21 silly publish   license: 'ISC',
21 silly publish   dependencies:
21 silly publish    { babel: '6.3.26',
21 silly publish      'babel-cli': '^6.7.7',
21 silly publish      'babel-core': '6.5.2',
21 silly publish      'babel-loader': '6.2.3',
21 silly publish      'babel-polyfill': '6.6.1',
21 silly publish      'babel-preset-es2015': '6.5.0',
21 silly publish      'babel-preset-react': '6.5.0',
21 silly publish      'babel-preset-stage-0': '6.3.13',
21 silly publish      babelify: '7.2.0',
21 silly publish      react: '15.3.2',
21 silly publish      'react-dom': '15.3.2' },
21 silly publish   devDependencies:
21 silly publish    { chai: '3.5.0',
21 silly publish      'chai-enzyme': '0.5.1',
21 silly publish      enzyme: '2.4.1',
21 silly publish      jsdom: '9.5.0',
21 silly publish      karma: '0.13.21',
21 silly publish      'karma-chrome-launcher': '0.2.2',
21 silly publish      'karma-cli': '0.1.2',
21 silly publish      'karma-coverage': '0.5.3',
21 silly publish      'karma-firefox-launcher': '0.1.7',
21 silly publish      'karma-mocha': '0.2.2',
21 silly publish      'karma-phantomjs-launcher': 'git+http://stash.devillo.no/scm/npmm/karma-phantomjs-launcher.git#d77c5b83f657b19796520b196db66be7d07ae168',
21 silly publish      'karma-sourcemap-loader': '0.3.7',
21 silly publish      'karma-webpack': '1.7.0',
21 silly publish      'react-addons-test-utils': '15.3.2' },
21 silly publish   gitHead: '590e97fefc388fece7a05a93f3c2634220356827',
21 silly publish   readme: 'ERROR: No README data found!',
21 silly publish   _id: 'digisyfo-npm@1.0.0',
21 silly publish   _shasum: '83cebe82ec988704b51b6c374e8859848d97f145',
21 silly publish   _from: '.' }
22 verbose getPublishConfig { registry: 'http://maven.adeo.no/nexus/content/repositories/npm-internal/' }
23 silly mapToRegistry name digisyfo-npm
24 silly mapToRegistry using default registry
25 silly mapToRegistry registry http://maven.adeo.no/nexus/content/repositories/npm-internal/
26 silly mapToRegistry data Result {
26 silly mapToRegistry   raw: 'digisyfo-npm',
26 silly mapToRegistry   scope: null,
26 silly mapToRegistry   name: 'digisyfo-npm',
26 silly mapToRegistry   rawSpec: '',
26 silly mapToRegistry   spec: 'latest',
26 silly mapToRegistry   type: 'tag' }
27 silly mapToRegistry uri http://maven.adeo.no/nexus/content/repositories/npm-internal/digisyfo-npm
28 verbose publish registryBase http://maven.adeo.no/nexus/content/repositories/npm-internal/
29 silly publish uploading C:\Users\F145079\AppData\Roaming\npm-cache\digisyfo-npm\1.0.0\package.tgz
30 verbose stack Error: auth required for publishing
30 verbose stack     at CachingRegistryClient.publish (c:\Program Files\nodejs\node_modules\npm\node_modules\npm-registry-client\lib\publish.js:30:14)
30 verbose stack     at c:\Program Files\nodejs\node_modules\npm\lib\publish.js:137:14
30 verbose stack     at mapToRegistry (c:\Program Files\nodejs\node_modules\npm\lib\utils\map-to-registry.js:62:3)
30 verbose stack     at publish_ (c:\Program Files\nodejs\node_modules\npm\lib\publish.js:106:3)
30 verbose stack     at Array.<anonymous> (c:\Program Files\nodejs\node_modules\npm\node_modules\slide\lib\bind-actor.js:15:8)
30 verbose stack     at LOOP (c:\Program Files\nodejs\node_modules\npm\node_modules\slide\lib\chain.js:15:14)
30 verbose stack     at LOOP (c:\Program Files\nodejs\node_modules\npm\node_modules\slide\lib\chain.js:14:28)
30 verbose stack     at chain (c:\Program Files\nodejs\node_modules\npm\node_modules\slide\lib\chain.js:20:5)
30 verbose stack     at c:\Program Files\nodejs\node_modules\npm\lib\publish.js:72:5
30 verbose stack     at RES (c:\Program Files\nodejs\node_modules\npm\node_modules\inflight\inflight.js:23:14)
31 verbose cwd c:\git\digisyfo-npm
32 error Windows_NT 6.1.7601
33 error argv "c:\\Program Files\\nodejs\\node.exe" "c:\\Program Files\\nodejs\\node_modules\\npm\\bin\\npm-cli.js" "publish" "--registry=http://maven.adeo.no/nexus/content/repositories/npm-internal/"
34 error node v5.11.0
35 error npm  v3.8.6
36 error code ENEEDAUTH
37 error need auth auth required for publishing
38 error need auth You need to authorize this machine using `npm adduser`
39 verbose exit [ 1, true ]
